<?xml version="1.0" encoding="UTF-8"?>
<testsuite xmlns:xsi="http://www.w3.org/2001/XMLSchema-instance" xsi:noNamespaceSchemaLocation="https://maven.apache.org/surefire/maven-surefire-plugin/xsd/surefire-test-report.xsd" name="com.inn.navin.AppTest" time="0.028" tests="1" errors="0" skipped="0" failures="0">
  <properties>
    <property name="sun.desktop" value="windows"/>
    <property name="awt.toolkit" value="sun.awt.windows.WToolkit"/>
    <property name="java.specification.version" value="11"/>
    <property name="sun.cpu.isalist" value="amd64"/>
    <property name="sun.jnu.encoding" value="Cp1252"/>
    <property name="java.class.path" value="C:\Users\Navin Ranjan\Desktop\git-work\data-manipulation\data-engineering\spark-java-pr\target\test-classes;C:\Users\Navin Ranjan\Desktop\git-work\data-manipulation\data-engineering\spark-java-pr\target\classes;C:\Users\Navin Ranjan\.m2\repository\junit\junit\4.11\junit-4.11.jar;C:\Users\Navin Ranjan\.m2\repository\org\hamcrest\hamcrest-core\1.3\hamcrest-core-1.3.jar;"/>
    <property name="java.vm.vendor" value="Oracle Corporation"/>
    <property name="sun.arch.data.model" value="64"/>
    <property name="user.variant" value=""/>
    <property name="java.vendor.url" value="http://java.oracle.com/"/>
    <property name="user.timezone" value="Asia/Calcutta"/>
    <property name="java.vm.specification.version" value="11"/>
    <property name="os.name" value="Windows 10"/>
    <property name="sun.java.launcher" value="SUN_STANDARD"/>
    <property name="user.country" value="US"/>
    <property name="sun.boot.library.path" value="C:\Program Files\Java\jdk-11.0.0.2\bin"/>
    <property name="sun.java.command" value="C:\Users\NAVINR~1\AppData\Local\Temp\surefire15292919088518621447\surefirebooter942688160678458172.jar C:\Users\Navin Ranjan\AppData\Local\Temp\surefire15292919088518621447 2025-06-10T02-19-39_318-jvmRun1 surefire11306926551023433505tmp surefire_08028969329194282564tmp"/>
    <property name="jdk.debug" value="release"/>
    <property name="surefire.test.class.path" value="C:\Users\Navin Ranjan\Desktop\git-work\data-manipulation\data-engineering\spark-java-pr\target\test-classes;C:\Users\Navin Ranjan\Desktop\git-work\data-manipulation\data-engineering\spark-java-pr\target\classes;C:\Users\Navin Ranjan\.m2\repository\junit\junit\4.11\junit-4.11.jar;C:\Users\Navin Ranjan\.m2\repository\org\hamcrest\hamcrest-core\1.3\hamcrest-core-1.3.jar;"/>
    <property name="sun.cpu.endian" value="little"/>
    <property name="user.home" value="C:\Users\Navin Ranjan"/>
    <property name="user.language" value="en"/>
    <property name="java.specification.vendor" value="Oracle Corporation"/>
    <property name="java.version.date" value="2024-07-02"/>
    <property name="java.home" value="C:\Program Files\Java\jdk-11.0.0.2"/>
    <property name="file.separator" value="\"/>
    <property name="basedir" value="C:\Users\Navin Ranjan\Desktop\git-work\data-manipulation\data-engineering\spark-java-pr"/>
    <property name="java.vm.compressedOopsMode" value="Zero based"/>
    <property name="line.separator" value="&#10;"/>
    <property name="java.specification.name" value="Java Platform API Specification"/>
    <property name="java.vm.specification.vendor" value="Oracle Corporation"/>
    <property name="java.awt.graphicsenv" value="sun.awt.Win32GraphicsEnvironment"/>
    <property name="surefire.real.class.path" value="C:\Users\NAVINR~1\AppData\Local\Temp\surefire15292919088518621447\surefirebooter942688160678458172.jar"/>
    <property name="user.script" value=""/>
    <property name="sun.management.compiler" value="HotSpot 64-Bit Tiered Compilers"/>
    <property name="java.runtime.version" value="11.0.0.2+2-2"/>
    <property name="user.name" value="Navin Ranjan"/>
    <property name="path.separator" value=";"/>
    <property name="os.version" value="10.0"/>
    <property name="java.runtime.name" value="OpenJDK Runtime Environment"/>
    <property name="file.encoding" value="Cp1252"/>
    <property name="java.vm.name" value="OpenJDK 64-Bit Server VM"/>
    <property name="java.vendor.version" value="18.9"/>
    <property name="localRepository" value="C:\Users\Navin Ranjan\.m2\repository"/>
    <property name="java.vendor.url.bug" value="http://bugreport.java.com/bugreport/"/>
    <property name="java.io.tmpdir" value="C:\Users\NAVINR~1\AppData\Local\Temp\"/>
    <property name="java.version" value="11.0.0.2"/>
    <property name="user.dir" value="C:\Users\Navin Ranjan\Desktop\git-work\data-manipulation\data-engineering\spark-java-pr"/>
    <property name="os.arch" value="amd64"/>
    <property name="java.vm.specification.name" value="Java Virtual Machine Specification"/>
    <property name="java.awt.printerjob" value="sun.awt.windows.WPrinterJob"/>
    <property name="sun.os.patch.level" value=""/>
    <property name="java.library.path" value="C:\Program Files\Java\jdk-11.0.0.2\bin;C:\WINDOWS\Sun\Java\bin;C:\WINDOWS\system32;C:\WINDOWS;C:\WINDOWS\system32;C:\WINDOWS;C:\WINDOWS\System32\Wbem;C:\WINDOWS\System32\WindowsPowerShell\v1.0\;C:\WINDOWS\System32\OpenSSH\;C:\Program Files\dotnet\;C:\Program Files\NVIDIA Corporation\NVIDIA NvDLISR;C:\Program Files\Git\cmd;C:\apache-maven-3.8.8\bin;C:\Program Files\Docker\Docker\resources\bin;C:\Program Files (x86)\Microsoft SQL Server\160\DTS\Binn\;C:\WINDOWS\system32;C:\WINDOWS;C:\WINDOWS\System32\Wbem;C:\WINDOWS\System32\WindowsPowerShell\v1.0\;C:\WINDOWS\System32\OpenSSH\;C:\Program Files\dotnet\;C:\Program Files\NVIDIA Corporation\NVIDIA NvDLISR;C:\Program Files\Git\cmd;C:\apache-maven-3.8.8\bin;C:\WINDOWS\System32\WindowsPowerS;C:\Hadoop\hadoop-3.2.2\bin;C:\Spark\spark-3.4.3\bin;C:\Program Files\JetBrains\PyCharm Community Edition 2024.1.6\bin;;C:\Users\Navin Ranjan\AppData\Local\Programs\Python\Python310;C:\Users\Navin Ranjan\AppData\Local\Programs\Python\Python310\Scripts;C:\Users\Navin Ranjan\AppData\Local\Microsoft\WindowsApps;C:\Program Files\Java\jdk-11.0.0.2\bin;C:\Program Files\MySQL\MySQL Server 8.3\bin;C:\Users\Navin Ranjan\AppData\Local\Programs\Microsoft VS Code\bin;c:\Users\Navin Ranjan\.vscode\extensions\ms-python.debugpy-2025.8.0-win32-x64\bundled\scripts\noConfigScripts;c:\Users\Navin Ranjan\AppData\Roaming\Code\User\globalStorage\github.copilot-chat\debugCommand;."/>
    <property name="java.vendor" value="Oracle Corporation"/>
    <property name="java.vm.info" value="mixed mode"/>
    <property name="java.vm.version" value="11.0.0.2+2-2"/>
    <property name="java.specification.maintenance.version" value="3"/>
    <property name="sun.io.unicode.encoding" value="UnicodeLittle"/>
    <property name="java.class.version" value="55.0"/>
  </properties>
  <testcase name="shouldAnswerWithTrue" classname="com.inn.navin.AppTest" time="0"/>
</testsuite>